<?xml version="1.0"?>
<!DOCTYPE coverage SYSTEM "http://cobertura.sourceforge.net/xml/coverage-04.dtd">

<coverage line-rate="0.1686746987951807" branch-rate="0.08333333333333333" lines-covered="14" lines-valid="83" branches-covered="1" branches-valid="12" complexity="1.4" version="2.1.1" timestamp="1496694581987">
	<sources>
		<source>/home/travis/build/universAAL/samples/tutorials/tut.service.bus.tryout/src/main/java</source>
		<source>--source</source>
		<source>/home/travis/build/universAAL/samples/tutorials/tut.service.bus.caller/src/main/java</source>
		<source>/home/travis/build/universAAL/samples/tutorials/tut.service.bus.callee/src/main/java</source>
		<source>/home/travis/build/universAAL/samples/tutorials/tut.context.bus.publisher/src/main/java</source>
		<source>/home/travis/build/universAAL/samples/tutorials/tut.context.bus.subscriber/src/main/java</source>
	</sources>
	<packages>
		<package name="org.universAAL.tutorials.context.bus.publisher" line-rate="0.0" branch-rate="1.0" complexity="1.0">
			<classes>
				<class name="org.universAAL.tutorials.context.bus.publisher.Activator" filename="org/universAAL/tutorials/context/bus/publisher/Activator.java" line-rate="0.0" branch-rate="1.0" complexity="1.0">
					<methods>
						<method name="&lt;init&gt;" signature="()V" line-rate="0.0" branch-rate="1.0" complexity="0">
							<lines>
								<line number="40" hits="0" branch="false"/>
							</lines>
						</method>
						<method name="start" signature="(Lorg/universAAL/middleware/container/ModuleContext;)V" line-rate="0.0" branch-rate="1.0" complexity="0">
							<lines>
								<line number="47" hits="0" branch="false"/>
								<line number="49" hits="0" branch="false"/>
								<line number="50" hits="0" branch="false"/>
								<line number="58" hits="0" branch="false"/>
								<line number="60" hits="0" branch="false"/>
								<line number="61" hits="0" branch="false"/>
								<line number="65" hits="0" branch="false"/>
								<line number="66" hits="0" branch="false"/>
							</lines>
						</method>
						<method name="stop" signature="(Lorg/universAAL/middleware/container/ModuleContext;)V" line-rate="0.0" branch-rate="1.0" complexity="0">
							<lines>
								<line number="69" hits="0" branch="false"/>
							</lines>
						</method>
					</methods>
					<lines>
						<line number="40" hits="0" branch="false"/>
						<line number="47" hits="0" branch="false"/>
						<line number="49" hits="0" branch="false"/>
						<line number="50" hits="0" branch="false"/>
						<line number="58" hits="0" branch="false"/>
						<line number="60" hits="0" branch="false"/>
						<line number="61" hits="0" branch="false"/>
						<line number="65" hits="0" branch="false"/>
						<line number="66" hits="0" branch="false"/>
						<line number="69" hits="0" branch="false"/>
					</lines>
				</class>
			</classes>
		</package>
		<package name="org.universAAL.tutorials.context.bus.subscriber" line-rate="0.0" branch-rate="0.0" complexity="1.3333333333333333">
			<classes>
				<class name="org.universAAL.tutorials.context.bus.subscriber.Activator" filename="org/universAAL/tutorials/context/bus/subscriber/Activator.java" line-rate="0.0" branch-rate="0.0" complexity="2.0">
					<methods>
						<method name="&lt;init&gt;" signature="()V" line-rate="0.0" branch-rate="1.0" complexity="0">
							<lines>
								<line number="30" hits="0" branch="false"/>
								<line number="33" hits="0" branch="false"/>
							</lines>
						</method>
						<method name="start" signature="(Lorg/universAAL/middleware/container/ModuleContext;)V" line-rate="0.0" branch-rate="0.0" complexity="0">
							<lines>
								<line number="39" hits="0" branch="false"/>
								<line number="40" hits="0" branch="true" condition-coverage="0% (0/2)">
									<conditions>
										<condition number="0" type="jump" coverage="0%"/>
									</conditions>
								</line>
								<line number="42" hits="0" branch="false"/>
								<line number="44" hits="0" branch="false"/>
							</lines>
						</method>
						<method name="stop" signature="(Lorg/universAAL/middleware/container/ModuleContext;)V" line-rate="0.0" branch-rate="0.0" complexity="0">
							<lines>
								<line number="50" hits="0" branch="true" condition-coverage="0% (0/2)">
									<conditions>
										<condition number="0" type="jump" coverage="0%"/>
									</conditions>
								</line>
								<line number="52" hits="0" branch="false"/>
								<line number="53" hits="0" branch="false"/>
								<line number="55" hits="0" branch="false"/>
							</lines>
						</method>
					</methods>
					<lines>
						<line number="30" hits="0" branch="false"/>
						<line number="33" hits="0" branch="false"/>
						<line number="39" hits="0" branch="false"/>
						<line number="40" hits="0" branch="true" condition-coverage="0% (0/2)">
							<conditions>
								<condition number="0" type="jump" coverage="0%"/>
							</conditions>
						</line>
						<line number="42" hits="0" branch="false"/>
						<line number="44" hits="0" branch="false"/>
						<line number="50" hits="0" branch="true" condition-coverage="0% (0/2)">
							<conditions>
								<condition number="0" type="jump" coverage="0%"/>
							</conditions>
						</line>
						<line number="52" hits="0" branch="false"/>
						<line number="53" hits="0" branch="false"/>
						<line number="55" hits="0" branch="false"/>
					</lines>
				</class>
				<class name="org.universAAL.tutorials.context.bus.subscriber.MyContextSubscriber" filename="org/universAAL/tutorials/context/bus/subscriber/MyContextSubscriber.java" line-rate="0.0" branch-rate="1.0" complexity="1.0">
					<methods>
						<method name="&lt;init&gt;" signature="(Lorg/universAAL/middleware/container/ModuleContext;)V" line-rate="0.0" branch-rate="1.0" complexity="0">
							<lines>
								<line number="70" hits="0" branch="false"/>
								<line number="71" hits="0" branch="false"/>
							</lines>
						</method>
						<method name="communicationChannelBroken" signature="()V" line-rate="0.0" branch-rate="1.0" complexity="0">
							<lines>
								<line number="92" hits="0" branch="false"/>
							</lines>
						</method>
						<method name="getContextSubscriptionParams" signature="()[Lorg/universAAL/middleware/context/ContextEventPattern;" line-rate="0.0" branch-rate="1.0" complexity="0">
							<lines>
								<line number="54" hits="0" branch="false"/>
								<line number="56" hits="0" branch="false"/>
								<line number="60" hits="0" branch="false"/>
								<line number="64" hits="0" branch="false"/>
							</lines>
						</method>
						<method name="handleContextEvent" signature="(Lorg/universAAL/middleware/context/ContextEvent;)V" line-rate="0.0" branch-rate="1.0" complexity="0">
							<lines>
								<line number="78" hits="0" branch="false"/>
								<line number="81" hits="0" branch="false"/>
								<line number="82" hits="0" branch="false"/>
								<line number="83" hits="0" branch="false"/>
								<line number="84" hits="0" branch="false"/>
								<line number="85" hits="0" branch="false"/>
							</lines>
						</method>
					</methods>
					<lines>
						<line number="54" hits="0" branch="false"/>
						<line number="56" hits="0" branch="false"/>
						<line number="60" hits="0" branch="false"/>
						<line number="64" hits="0" branch="false"/>
						<line number="70" hits="0" branch="false"/>
						<line number="71" hits="0" branch="false"/>
						<line number="78" hits="0" branch="false"/>
						<line number="81" hits="0" branch="false"/>
						<line number="82" hits="0" branch="false"/>
						<line number="83" hits="0" branch="false"/>
						<line number="84" hits="0" branch="false"/>
						<line number="85" hits="0" branch="false"/>
						<line number="92" hits="0" branch="false"/>
					</lines>
				</class>
			</classes>
		</package>
		<package name="org.universAAL.tutorials.service.bus.callee" line-rate="0.0" branch-rate="0.0" complexity="1.6666666666666667">
			<classes>
				<class name="org.universAAL.tutorials.service.bus.callee.Activator" filename="org/universAAL/tutorials/service/bus/callee/Activator.java" line-rate="0.0" branch-rate="0.0" complexity="2.0">
					<methods>
						<method name="&lt;init&gt;" signature="()V" line-rate="0.0" branch-rate="1.0" complexity="0">
							<lines>
								<line number="33" hits="0" branch="false"/>
								<line number="36" hits="0" branch="false"/>
							</lines>
						</method>
						<method name="start" signature="(Lorg/universAAL/middleware/container/ModuleContext;)V" line-rate="0.0" branch-rate="0.0" complexity="0">
							<lines>
								<line number="42" hits="0" branch="false"/>
								<line number="43" hits="0" branch="true" condition-coverage="0% (0/2)">
									<conditions>
										<condition number="0" type="jump" coverage="0%"/>
									</conditions>
								</line>
								<line number="45" hits="0" branch="false"/>
								<line number="47" hits="0" branch="false"/>
							</lines>
						</method>
						<method name="stop" signature="(Lorg/universAAL/middleware/container/ModuleContext;)V" line-rate="0.0" branch-rate="0.0" complexity="0">
							<lines>
								<line number="53" hits="0" branch="true" condition-coverage="0% (0/2)">
									<conditions>
										<condition number="0" type="jump" coverage="0%"/>
									</conditions>
								</line>
								<line number="55" hits="0" branch="false"/>
								<line number="56" hits="0" branch="false"/>
								<line number="58" hits="0" branch="false"/>
							</lines>
						</method>
					</methods>
					<lines>
						<line number="33" hits="0" branch="false"/>
						<line number="36" hits="0" branch="false"/>
						<line number="42" hits="0" branch="false"/>
						<line number="43" hits="0" branch="true" condition-coverage="0% (0/2)">
							<conditions>
								<condition number="0" type="jump" coverage="0%"/>
							</conditions>
						</line>
						<line number="45" hits="0" branch="false"/>
						<line number="47" hits="0" branch="false"/>
						<line number="53" hits="0" branch="true" condition-coverage="0% (0/2)">
							<conditions>
								<condition number="0" type="jump" coverage="0%"/>
							</conditions>
						</line>
						<line number="55" hits="0" branch="false"/>
						<line number="56" hits="0" branch="false"/>
						<line number="58" hits="0" branch="false"/>
					</lines>
				</class>
				<class name="org.universAAL.tutorials.service.bus.callee.MyServiceCallee" filename="org/universAAL/tutorials/service/bus/callee/MyServiceCallee.java" line-rate="0.0" branch-rate="0.0" complexity="1.5">
					<methods>
						<method name="&lt;clinit&gt;" signature="()V" line-rate="0.0" branch-rate="1.0" complexity="0">
							<lines>
								<line number="43" hits="0" branch="false"/>
								<line number="47" hits="0" branch="false"/>
							</lines>
						</method>
						<method name="&lt;init&gt;" signature="(Lorg/universAAL/middleware/container/ModuleContext;)V" line-rate="0.0" branch-rate="1.0" complexity="0">
							<lines>
								<line number="89" hits="0" branch="false"/>
								<line number="90" hits="0" branch="false"/>
							</lines>
						</method>
						<method name="communicationChannelBroken" signature="()V" line-rate="0.0" branch-rate="1.0" complexity="0">
							<lines>
								<line number="117" hits="0" branch="false"/>
							</lines>
						</method>
						<method name="getProfiles" signature="()[Lorg/universAAL/middleware/service/owls/profile/ServiceProfile;" line-rate="0.0" branch-rate="1.0" complexity="0">
							<lines>
								<line number="66" hits="0" branch="false"/>
								<line number="71" hits="0" branch="false"/>
								<line number="75" hits="0" branch="false"/>
								<line number="84" hits="0" branch="false"/>
							</lines>
						</method>
						<method name="handleCall" signature="(Lorg/universAAL/middleware/service/ServiceCall;)Lorg/universAAL/middleware/service/ServiceResponse;" line-rate="0.0" branch-rate="0.0" complexity="0">
							<lines>
								<line number="96" hits="0" branch="false"/>
								<line number="97" hits="0" branch="true" condition-coverage="0% (0/2)">
									<conditions>
										<condition number="0" type="jump" coverage="0%"/>
									</conditions>
								</line>
								<line number="99" hits="0" branch="false"/>
								<line number="102" hits="0" branch="false"/>
								<line number="106" hits="0" branch="false"/>
								<line number="109" hits="0" branch="false"/>
							</lines>
						</method>
					</methods>
					<lines>
						<line number="43" hits="0" branch="false"/>
						<line number="47" hits="0" branch="false"/>
						<line number="66" hits="0" branch="false"/>
						<line number="71" hits="0" branch="false"/>
						<line number="75" hits="0" branch="false"/>
						<line number="84" hits="0" branch="false"/>
						<line number="89" hits="0" branch="false"/>
						<line number="90" hits="0" branch="false"/>
						<line number="96" hits="0" branch="false"/>
						<line number="97" hits="0" branch="true" condition-coverage="0% (0/2)">
							<conditions>
								<condition number="0" type="jump" coverage="0%"/>
							</conditions>
						</line>
						<line number="99" hits="0" branch="false"/>
						<line number="102" hits="0" branch="false"/>
						<line number="106" hits="0" branch="false"/>
						<line number="109" hits="0" branch="false"/>
						<line number="117" hits="0" branch="false"/>
					</lines>
				</class>
			</classes>
		</package>
		<package name="org.universAAL.tutorials.service.bus.caller" line-rate="0.0" branch-rate="1.0" complexity="1.0">
			<classes>
				<class name="org.universAAL.tutorials.service.bus.caller.Activator" filename="org/universAAL/tutorials/service/bus/caller/Activator.java" line-rate="0.0" branch-rate="1.0" complexity="1.0">
					<methods>
						<method name="&lt;init&gt;" signature="()V" line-rate="0.0" branch-rate="1.0" complexity="0">
							<lines>
								<line number="39" hits="0" branch="false"/>
							</lines>
						</method>
						<method name="start" signature="(Lorg/universAAL/middleware/container/ModuleContext;)V" line-rate="0.0" branch-rate="1.0" complexity="0">
							<lines>
								<line number="43" hits="0" branch="false"/>
								<line number="53" hits="0" branch="false"/>
								<line number="58" hits="0" branch="false"/>
								<line number="63" hits="0" branch="false"/>
								<line number="67" hits="0" branch="false"/>
								<line number="71" hits="0" branch="false"/>
								<line number="72" hits="0" branch="false"/>
							</lines>
						</method>
						<method name="stop" signature="(Lorg/universAAL/middleware/container/ModuleContext;)V" line-rate="0.0" branch-rate="1.0" complexity="0">
							<lines>
								<line number="75" hits="0" branch="false"/>
							</lines>
						</method>
					</methods>
					<lines>
						<line number="39" hits="0" branch="false"/>
						<line number="43" hits="0" branch="false"/>
						<line number="53" hits="0" branch="false"/>
						<line number="58" hits="0" branch="false"/>
						<line number="63" hits="0" branch="false"/>
						<line number="67" hits="0" branch="false"/>
						<line number="71" hits="0" branch="false"/>
						<line number="72" hits="0" branch="false"/>
						<line number="75" hits="0" branch="false"/>
					</lines>
				</class>
			</classes>
		</package>
		<package name="org.universAAL.tutorials.service.bus.tryout" line-rate="0.875" branch-rate="0.5" complexity="1.5">
			<classes>
				<class name="org.universAAL.tutorials.service.bus.tryout.MyServiceCallee" filename="org/universAAL/tutorials/service/bus/tryout/MyServiceCallee.java" line-rate="0.875" branch-rate="0.5" complexity="1.5">
					<methods>
						<method name="&lt;clinit&gt;" signature="()V" line-rate="1.0" branch-rate="1.0" complexity="0">
							<lines>
								<line number="40" hits="1" branch="false"/>
								<line number="41" hits="1" branch="false"/>
							</lines>
						</method>
						<method name="&lt;init&gt;" signature="(Lorg/universAAL/middleware/container/ModuleContext;)V" line-rate="1.0" branch-rate="1.0" complexity="0">
							<lines>
								<line number="60" hits="1" branch="false"/>
								<line number="61" hits="1" branch="false"/>
							</lines>
						</method>
						<method name="communicationChannelBroken" signature="()V" line-rate="0.0" branch-rate="1.0" complexity="0">
							<lines>
								<line number="79" hits="0" branch="false"/>
							</lines>
						</method>
						<method name="getProfiles" signature="()[Lorg/universAAL/middleware/service/owls/profile/ServiceProfile;" line-rate="1.0" branch-rate="1.0" complexity="0">
							<lines>
								<line number="49" hits="1" branch="false"/>
								<line number="50" hits="1" branch="false"/>
								<line number="52" hits="1" branch="false"/>
								<line number="56" hits="1" branch="false"/>
							</lines>
						</method>
						<method name="handleCall" signature="(Lorg/universAAL/middleware/service/ServiceCall;)Lorg/universAAL/middleware/service/ServiceResponse;" line-rate="0.8571428571428571" branch-rate="0.5" complexity="0">
							<lines>
								<line number="65" hits="1" branch="false"/>
								<line number="66" hits="1" branch="true" condition-coverage="50% (1/2)">
									<conditions>
										<condition number="0" type="jump" coverage="50%"/>
									</conditions>
								</line>
								<line number="67" hits="1" branch="false"/>
								<line number="68" hits="1" branch="false"/>
								<line number="69" hits="1" branch="false"/>
								<line number="71" hits="1" branch="false"/>
								<line number="74" hits="0" branch="false"/>
							</lines>
						</method>
					</methods>
					<lines>
						<line number="40" hits="1" branch="false"/>
						<line number="41" hits="1" branch="false"/>
						<line number="49" hits="1" branch="false"/>
						<line number="50" hits="1" branch="false"/>
						<line number="52" hits="1" branch="false"/>
						<line number="56" hits="1" branch="false"/>
						<line number="60" hits="1" branch="false"/>
						<line number="61" hits="1" branch="false"/>
						<line number="65" hits="1" branch="false"/>
						<line number="66" hits="1" branch="true" condition-coverage="50% (1/2)">
							<conditions>
								<condition number="0" type="jump" coverage="50%"/>
							</conditions>
						</line>
						<line number="67" hits="1" branch="false"/>
						<line number="68" hits="1" branch="false"/>
						<line number="69" hits="1" branch="false"/>
						<line number="71" hits="1" branch="false"/>
						<line number="74" hits="0" branch="false"/>
						<line number="79" hits="0" branch="false"/>
					</lines>
				</class>
			</classes>
		</package>
	</packages>
</coverage>
